# JRE version: OpenJDK Runtime Environment (8.0_162-b12) (build 1.8.0_162-8u162-b12-0ubuntu0.16.04.2-b12)
# Java VM: OpenJDK 64-Bit Server VM (25.162-b12 mixed mode linux-amd64 compressed oops)
Heap:
 PSYoungGen      total 131072K, used 83671K [0x00000000d6b80000, 0x00000000f2f00000, 0x0000000100000000)
  eden space 130560K, 64% used [0x00000000d6b80000,0x00000000dbd1dd40,0x00000000deb00000)
  from space 512K, 18% used [0x00000000f2e80000,0x00000000f2e98000,0x00000000f2f00000)
  to   space 512K, 0% used [0x00000000f2e00000,0x00000000f2e00000,0x00000000f2e80000)
 ParOldGen       total 84992K, used 2607K [0x0000000084200000, 0x0000000089500000, 0x00000000d6b80000)
  object space 84992K, 3% used [0x0000000084200000,0x000000008448bce8,0x0000000089500000)
 Metaspace       used 9908K, capacity 10181K, committed 10496K, reserved 1058816K
  class space    used 812K, capacity 914K, committed 1024K, reserved 1048576K
GC Heap History (10 events):
Event: 14.658 GC heap before
{Heap before GC invocations=82 (full 0):
 PSYoungGen      total 159744K, used 159392K [0x00000000d6b80000, 0x00000000f2f00000, 0x0000000100000000)
  eden space 159232K, 100% used [0x00000000d6b80000,0x00000000e0700000,0x00000000e0700000)
  from space 512K, 31% used [0x00000000f2e00000,0x00000000f2e28000,0x00000000f2e80000)
  to   space 512K, 0% used [0x00000000f2e80000,0x00000000f2e80000,0x00000000f2f00000)
 ParOldGen       total 84992K, used 2591K [0x0000000084200000, 0x0000000089500000, 0x00000000d6b80000)
  object space 84992K, 3% used [0x0000000084200000,0x0000000084487ce8,0x0000000089500000)
 Metaspace       used 9908K, capacity 10181K, committed 10496K, reserved 1058816K
  class space    used 812K, capacity 914K, committed 1024K, reserved 1048576K
Event: 14.659 GC heap after
Heap after GC invocations=82 (full 0):
 PSYoungGen      total 153600K, used 128K [0x00000000d6b80000, 0x00000000f2f00000, 0x0000000100000000)
  eden space 153088K, 0% used [0x00000000d6b80000,0x00000000d6b80000,0x00000000e0100000)
  from space 512K, 25% used [0x00000000f2e80000,0x00000000f2ea0000,0x00000000f2f00000)
  to   space 512K, 0% used [0x00000000f2e00000,0x00000000f2e00000,0x00000000f2e80000)
 ParOldGen       total 84992K, used 2591K [0x0000000084200000, 0x0000000089500000, 0x00000000d6b80000)
  object space 84992K, 3% used [0x0000000084200000,0x0000000084487ce8,0x0000000089500000)
 Metaspace       used 9908K, capacity 10181K, committed 10496K, reserved 1058816K
  class space    used 812K, capacity 914K, committed 1024K, reserved 1048576K
}
Event: 14.754 GC heap before
{Heap before GC invocations=83 (full 0):
 PSYoungGen      total 153600K, used 153216K [0x00000000d6b80000, 0x00000000f2f00000, 0x0000000100000000)
  eden space 153088K, 100% used [0x00000000d6b80000,0x00000000e0100000,0x00000000e0100000)
  from space 512K, 25% used [0x00000000f2e80000,0x00000000f2ea0000,0x00000000f2f00000)
  to   space 512K, 0% used [0x00000000f2e00000,0x00000000f2e00000,0x00000000f2e80000)
 ParOldGen       total 84992K, used 2591K [0x0000000084200000, 0x0000000089500000, 0x00000000d6b80000)
  object space 84992K, 3% used [0x0000000084200000,0x0000000084487ce8,0x0000000089500000)
 Metaspace       used 9908K, capacity 10181K, committed 10496K, reserved 1058816K
  class space    used 812K, capacity 914K, committed 1024K, reserved 1048576K
Event: 14.755 GC heap after
Heap after GC invocations=83 (full 0):
 PSYoungGen      total 147456K, used 192K [0x00000000d6b80000, 0x00000000f2f00000, 0x0000000100000000)
  eden space 146944K, 0% used [0x00000000d6b80000,0x00000000d6b80000,0x00000000dfb00000)
  from space 512K, 37% used [0x00000000f2e00000,0x00000000f2e30000,0x00000000f2e80000)
  to   space 512K, 0% used [0x00000000f2e80000,0x00000000f2e80000,0x00000000f2f00000)
 ParOldGen       total 84992K, used 2591K [0x0000000084200000, 0x0000000089500000, 0x00000000d6b80000)
  object space 84992K, 3% used [0x0000000084200000,0x0000000084487ce8,0x0000000089500000)
 Metaspace       used 9908K, capacity 10181K, committed 10496K, reserved 1058816K
  class space    used 812K, capacity 914K, committed 1024K, reserved 1048576K
}
Event: 14.847 GC heap before
{Heap before GC invocations=84 (full 0):
 PSYoungGen      total 147456K, used 147136K [0x00000000d6b80000, 0x00000000f2f00000, 0x0000000100000000)
  eden space 146944K, 100% used [0x00000000d6b80000,0x00000000dfb00000,0x00000000dfb00000)
  from space 512K, 37% used [0x00000000f2e00000,0x00000000f2e30000,0x00000000f2e80000)
  to   space 512K, 0% used [0x00000000f2e80000,0x00000000f2e80000,0x00000000f2f00000)
 ParOldGen       total 84992K, used 2591K [0x0000000084200000, 0x0000000089500000, 0x00000000d6b80000)
  object space 84992K, 3% used [0x0000000084200000,0x0000000084487ce8,0x0000000089500000)
 Metaspace       used 9908K, capacity 10181K, committed 10496K, reserved 1058816K
  class space    used 812K, capacity 914K, committed 1024K, reserved 1048576K
Event: 14.848 GC heap after
Heap after GC invocations=84 (full 0):
 PSYoungGen      total 141824K, used 192K [0x00000000d6b80000, 0x00000000f2f00000, 0x0000000100000000)
  eden space 141312K, 0% used [0x00000000d6b80000,0x00000000d6b80000,0x00000000df580000)
  from space 512K, 37% used [0x00000000f2e80000,0x00000000f2eb0000,0x00000000f2f00000)
  to   space 512K, 0% used [0x00000000f2e00000,0x00000000f2e00000,0x00000000f2e80000)
 ParOldGen       total 84992K, used 2591K [0x0000000084200000, 0x0000000089500000, 0x00000000d6b80000)
  object space 84992K, 3% used [0x0000000084200000,0x0000000084487ce8,0x0000000089500000)
 Metaspace       used 9908K, capacity 10181K, committed 10496K, reserved 1058816K
  class space    used 812K, capacity 914K, committed 1024K, reserved 1048576K
}
Event: 14.941 GC heap before
{Heap before GC invocations=85 (full 0):
 PSYoungGen      total 141824K, used 141504K [0x00000000d6b80000, 0x00000000f2f00000, 0x0000000100000000)
  eden space 141312K, 100% used [0x00000000d6b80000,0x00000000df580000,0x00000000df580000)
  from space 512K, 37% used [0x00000000f2e80000,0x00000000f2eb0000,0x00000000f2f00000)
  to   space 512K, 0% used [0x00000000f2e00000,0x00000000f2e00000,0x00000000f2e80000)
 ParOldGen       total 84992K, used 2591K [0x0000000084200000, 0x0000000089500000, 0x00000000d6b80000)
  object space 84992K, 3% used [0x0000000084200000,0x0000000084487ce8,0x0000000089500000)
 Metaspace       used 9908K, capacity 10181K, committed 10496K, reserved 1058816K
  class space    used 812K, capacity 914K, committed 1024K, reserved 1048576K
Event: 14.942 GC heap after
Heap after GC invocations=85 (full 0):
 PSYoungGen      total 136192K, used 160K [0x00000000d6b80000, 0x00000000f2f00000, 0x0000000100000000)
  eden space 135680K, 0% used [0x00000000d6b80000,0x00000000d6b80000,0x00000000df000000)
  from space 512K, 31% used [0x00000000f2e00000,0x00000000f2e28000,0x00000000f2e80000)
  to   space 512K, 0% used [0x00000000f2e80000,0x00000000f2e80000,0x00000000f2f00000)
 ParOldGen       total 84992K, used 2607K [0x0000000084200000, 0x0000000089500000, 0x00000000d6b80000)
  object space 84992K, 3% used [0x0000000084200000,0x000000008448bce8,0x0000000089500000)
 Metaspace       used 9908K, capacity 10181K, committed 10496K, reserved 1058816K
  class space    used 812K, capacity 914K, committed 1024K, reserved 1048576K
}
Event: 15.027 GC heap before
{Heap before GC invocations=86 (full 0):
 PSYoungGen      total 136192K, used 135840K [0x00000000d6b80000, 0x00000000f2f00000, 0x0000000100000000)
  eden space 135680K, 100% used [0x00000000d6b80000,0x00000000df000000,0x00000000df000000)
  from space 512K, 31% used [0x00000000f2e00000,0x00000000f2e28000,0x00000000f2e80000)
  to   space 512K, 0% used [0x00000000f2e80000,0x00000000f2e80000,0x00000000f2f00000)
 ParOldGen       total 84992K, used 2607K [0x0000000084200000, 0x0000000089500000, 0x00000000d6b80000)
  object space 84992K, 3% used [0x0000000084200000,0x000000008448bce8,0x0000000089500000)
 Metaspace       used 9908K, capacity 10181K, committed 10496K, reserved 1058816K
  class space    used 812K, capacity 914K, committed 1024K, reserved 1048576K
Event: 15.028 GC heap after
Heap after GC invocations=86 (full 0):
 PSYoungGen      total 131072K, used 96K [0x00000000d6b80000, 0x00000000f2f00000, 0x0000000100000000)
  eden space 130560K, 0% used [0x00000000d6b80000,0x00000000d6b80000,0x00000000deb00000)
  from space 512K, 18% used [0x00000000f2e80000,0x00000000f2e98000,0x00000000f2f00000)
  to   space 512K, 0% used [0x00000000f2e00000,0x00000000f2e00000,0x00000000f2e80000)
 ParOldGen       total 84992K, used 2607K [0x0000000084200000, 0x0000000089500000, 0x00000000d6b80000)
  object space 84992K, 3% used [0x0000000084200000,0x000000008448bce8,0x0000000089500000)
 Metaspace       used 9908K, capacity 10181K, committed 10496K, reserved 1058816K
  class space    used 812K, capacity 914K, committed 1024K, reserved 1048576K
}

