# JRE version: OpenJDK Runtime Environment (8.0_162-b12) (build 1.8.0_162-8u162-b12-0ubuntu0.16.04.2-b12)
# Java VM: OpenJDK 64-Bit Server VM (25.162-b12 mixed mode linux-amd64 compressed oops)
Heap:
 PSYoungGen      total 147456K, used 141258K [0x00000000d6b80000, 0x00000000eb900000, 0x0000000100000000)
  eden space 146944K, 96% used [0x00000000d6b80000,0x00000000df542af0,0x00000000dfb00000)
  from space 512K, 37% used [0x00000000eb800000,0x00000000eb830000,0x00000000eb880000)
  to   space 512K, 0% used [0x00000000eb880000,0x00000000eb880000,0x00000000eb900000)
 ParOldGen       total 84992K, used 2571K [0x0000000084200000, 0x0000000089500000, 0x00000000d6b80000)
  object space 84992K, 3% used [0x0000000084200000,0x0000000084482cd8,0x0000000089500000)
 Metaspace       used 9883K, capacity 10117K, committed 10240K, reserved 1058816K
  class space    used 811K, capacity 914K, committed 1024K, reserved 1048576K
GC Heap History (10 events):
Event: 13.895 GC heap before
{Heap before GC invocations=81 (full 0):
 PSYoungGen      total 181248K, used 180864K [0x00000000d6b80000, 0x00000000eb900000, 0x0000000100000000)
  eden space 180736K, 100% used [0x00000000d6b80000,0x00000000e1c00000,0x00000000e1c00000)
  from space 512K, 25% used [0x00000000eb880000,0x00000000eb8a0000,0x00000000eb900000)
  to   space 512K, 0% used [0x00000000eb800000,0x00000000eb800000,0x00000000eb880000)
 ParOldGen       total 84992K, used 2571K [0x0000000084200000, 0x0000000089500000, 0x00000000d6b80000)
  object space 84992K, 3% used [0x0000000084200000,0x0000000084482cd8,0x0000000089500000)
 Metaspace       used 9883K, capacity 10117K, committed 10240K, reserved 1058816K
  class space    used 811K, capacity 914K, committed 1024K, reserved 1048576K
Event: 13.896 GC heap after
Heap after GC invocations=81 (full 0):
 PSYoungGen      total 173568K, used 128K [0x00000000d6b80000, 0x00000000eb900000, 0x0000000100000000)
  eden space 173056K, 0% used [0x00000000d6b80000,0x00000000d6b80000,0x00000000e1480000)
  from space 512K, 25% used [0x00000000eb800000,0x00000000eb820000,0x00000000eb880000)
  to   space 512K, 0% used [0x00000000eb880000,0x00000000eb880000,0x00000000eb900000)
 ParOldGen       total 84992K, used 2571K [0x0000000084200000, 0x0000000089500000, 0x00000000d6b80000)
  object space 84992K, 3% used [0x0000000084200000,0x0000000084482cd8,0x0000000089500000)
 Metaspace       used 9883K, capacity 10117K, committed 10240K, reserved 1058816K
  class space    used 811K, capacity 914K, committed 1024K, reserved 1048576K
}
Event: 13.998 GC heap before
{Heap before GC invocations=82 (full 0):
 PSYoungGen      total 173568K, used 173184K [0x00000000d6b80000, 0x00000000eb900000, 0x0000000100000000)
  eden space 173056K, 100% used [0x00000000d6b80000,0x00000000e1480000,0x00000000e1480000)
  from space 512K, 25% used [0x00000000eb800000,0x00000000eb820000,0x00000000eb880000)
  to   space 512K, 0% used [0x00000000eb880000,0x00000000eb880000,0x00000000eb900000)
 ParOldGen       total 84992K, used 2571K [0x0000000084200000, 0x0000000089500000, 0x00000000d6b80000)
  object space 84992K, 3% used [0x0000000084200000,0x0000000084482cd8,0x0000000089500000)
 Metaspace       used 9883K, capacity 10117K, committed 10240K, reserved 1058816K
  class space    used 811K, capacity 914K, committed 1024K, reserved 1048576K
Event: 13.999 GC heap after
Heap after GC invocations=82 (full 0):
 PSYoungGen      total 166400K, used 96K [0x00000000d6b80000, 0x00000000eb900000, 0x0000000100000000)
  eden space 165888K, 0% used [0x00000000d6b80000,0x00000000d6b80000,0x00000000e0d80000)
  from space 512K, 18% used [0x00000000eb880000,0x00000000eb898000,0x00000000eb900000)
  to   space 512K, 0% used [0x00000000eb800000,0x00000000eb800000,0x00000000eb880000)
 ParOldGen       total 84992K, used 2571K [0x0000000084200000, 0x0000000089500000, 0x00000000d6b80000)
  object space 84992K, 3% used [0x0000000084200000,0x0000000084482cd8,0x0000000089500000)
 Metaspace       used 9883K, capacity 10117K, committed 10240K, reserved 1058816K
  class space    used 811K, capacity 914K, committed 1024K, reserved 1048576K
}
Event: 14.098 GC heap before
{Heap before GC invocations=83 (full 0):
 PSYoungGen      total 166400K, used 165984K [0x00000000d6b80000, 0x00000000eb900000, 0x0000000100000000)
  eden space 165888K, 100% used [0x00000000d6b80000,0x00000000e0d80000,0x00000000e0d80000)
  from space 512K, 18% used [0x00000000eb880000,0x00000000eb898000,0x00000000eb900000)
  to   space 512K, 0% used [0x00000000eb800000,0x00000000eb800000,0x00000000eb880000)
 ParOldGen       total 84992K, used 2571K [0x0000000084200000, 0x0000000089500000, 0x00000000d6b80000)
  object space 84992K, 3% used [0x0000000084200000,0x0000000084482cd8,0x0000000089500000)
 Metaspace       used 9883K, capacity 10117K, committed 10240K, reserved 1058816K
  class space    used 811K, capacity 914K, committed 1024K, reserved 1048576K
Event: 14.098 GC heap after
Heap after GC invocations=83 (full 0):
 PSYoungGen      total 159744K, used 128K [0x00000000d6b80000, 0x00000000eb900000, 0x0000000100000000)
  eden space 159232K, 0% used [0x00000000d6b80000,0x00000000d6b80000,0x00000000e0700000)
  from space 512K, 25% used [0x00000000eb800000,0x00000000eb820000,0x00000000eb880000)
  to   space 512K, 0% used [0x00000000eb880000,0x00000000eb880000,0x00000000eb900000)
 ParOldGen       total 84992K, used 2571K [0x0000000084200000, 0x0000000089500000, 0x00000000d6b80000)
  object space 84992K, 3% used [0x0000000084200000,0x0000000084482cd8,0x0000000089500000)
 Metaspace       used 9883K, capacity 10117K, committed 10240K, reserved 1058816K
  class space    used 811K, capacity 914K, committed 1024K, reserved 1048576K
}
Event: 14.192 GC heap before
{Heap before GC invocations=84 (full 0):
 PSYoungGen      total 159744K, used 159360K [0x00000000d6b80000, 0x00000000eb900000, 0x0000000100000000)
  eden space 159232K, 100% used [0x00000000d6b80000,0x00000000e0700000,0x00000000e0700000)
  from space 512K, 25% used [0x00000000eb800000,0x00000000eb820000,0x00000000eb880000)
  to   space 512K, 0% used [0x00000000eb880000,0x00000000eb880000,0x00000000eb900000)
 ParOldGen       total 84992K, used 2571K [0x0000000084200000, 0x0000000089500000, 0x00000000d6b80000)
  object space 84992K, 3% used [0x0000000084200000,0x0000000084482cd8,0x0000000089500000)
 Metaspace       used 9883K, capacity 10117K, committed 10240K, reserved 1058816K
  class space    used 811K, capacity 914K, committed 1024K, reserved 1048576K
Event: 14.193 GC heap after
Heap after GC invocations=84 (full 0):
 PSYoungGen      total 153600K, used 128K [0x00000000d6b80000, 0x00000000eb900000, 0x0000000100000000)
  eden space 153088K, 0% used [0x00000000d6b80000,0x00000000d6b80000,0x00000000e0100000)
  from space 512K, 25% used [0x00000000eb880000,0x00000000eb8a0000,0x00000000eb900000)
  to   space 512K, 0% used [0x00000000eb800000,0x00000000eb800000,0x00000000eb880000)
 ParOldGen       total 84992K, used 2571K [0x0000000084200000, 0x0000000089500000, 0x00000000d6b80000)
  object space 84992K, 3% used [0x0000000084200000,0x0000000084482cd8,0x0000000089500000)
 Metaspace       used 9883K, capacity 10117K, committed 10240K, reserved 1058816K
  class space    used 811K, capacity 914K, committed 1024K, reserved 1048576K
}
Event: 14.284 GC heap before
{Heap before GC invocations=85 (full 0):
 PSYoungGen      total 153600K, used 153216K [0x00000000d6b80000, 0x00000000eb900000, 0x0000000100000000)
  eden space 153088K, 100% used [0x00000000d6b80000,0x00000000e0100000,0x00000000e0100000)
  from space 512K, 25% used [0x00000000eb880000,0x00000000eb8a0000,0x00000000eb900000)
  to   space 512K, 0% used [0x00000000eb800000,0x00000000eb800000,0x00000000eb880000)
 ParOldGen       total 84992K, used 2571K [0x0000000084200000, 0x0000000089500000, 0x00000000d6b80000)
  object space 84992K, 3% used [0x0000000084200000,0x0000000084482cd8,0x0000000089500000)
 Metaspace       used 9883K, capacity 10117K, committed 10240K, reserved 1058816K
  class space    used 811K, capacity 914K, committed 1024K, reserved 1048576K
Event: 14.285 GC heap after
Heap after GC invocations=85 (full 0):
 PSYoungGen      total 147456K, used 192K [0x00000000d6b80000, 0x00000000eb900000, 0x0000000100000000)
  eden space 146944K, 0% used [0x00000000d6b80000,0x00000000d6b80000,0x00000000dfb00000)
  from space 512K, 37% used [0x00000000eb800000,0x00000000eb830000,0x00000000eb880000)
  to   space 512K, 0% used [0x00000000eb880000,0x00000000eb880000,0x00000000eb900000)
 ParOldGen       total 84992K, used 2571K [0x0000000084200000, 0x0000000089500000, 0x00000000d6b80000)
  object space 84992K, 3% used [0x0000000084200000,0x0000000084482cd8,0x0000000089500000)
 Metaspace       used 9883K, capacity 10117K, committed 10240K, reserved 1058816K
  class space    used 811K, capacity 914K, committed 1024K, reserved 1048576K
}

