# JRE version: OpenJDK Runtime Environment (8.0_162-b12) (build 1.8.0_162-8u162-b12-0ubuntu0.16.04.2-b12)
# Java VM: OpenJDK 64-Bit Server VM (25.162-b12 mixed mode linux-amd64 compressed oops)
Heap:
 PSYoungGen      total 243712K, used 97375K [0x00000000d6b80000, 0x00000000f0a00000, 0x0000000100000000)
  eden space 243200K, 39% used [0x00000000d6b80000,0x00000000dca77fd0,0x00000000e5900000)
  from space 512K, 25% used [0x00000000f0980000,0x00000000f09a0000,0x00000000f0a00000)
  to   space 512K, 0% used [0x00000000f0900000,0x00000000f0900000,0x00000000f0980000)
 ParOldGen       total 84992K, used 2643K [0x0000000084200000, 0x0000000089500000, 0x00000000d6b80000)
  object space 84992K, 3% used [0x0000000084200000,0x0000000084494ce8,0x0000000089500000)
 Metaspace       used 9885K, capacity 10117K, committed 10240K, reserved 1058816K
  class space    used 811K, capacity 914K, committed 1024K, reserved 1048576K
GC Heap History (10 events):
Event: 10.736 GC heap before
{Heap before GC invocations=48 (full 0):
 PSYoungGen      total 189440K, used 188512K [0x00000000d6b80000, 0x00000000f0b00000, 0x0000000100000000)
  eden space 188416K, 100% used [0x00000000d6b80000,0x00000000e2380000,0x00000000e2380000)
  from space 1024K, 9% used [0x00000000f0900000,0x00000000f0918000,0x00000000f0a00000)
  to   space 1024K, 0% used [0x00000000f0a00000,0x00000000f0a00000,0x00000000f0b00000)
 ParOldGen       total 84992K, used 2611K [0x0000000084200000, 0x0000000089500000, 0x00000000d6b80000)
  object space 84992K, 3% used [0x0000000084200000,0x000000008448cce8,0x0000000089500000)
 Metaspace       used 9885K, capacity 10117K, committed 10240K, reserved 1058816K
  class space    used 811K, capacity 914K, committed 1024K, reserved 1048576K
Event: 10.737 GC heap after
Heap after GC invocations=48 (full 0):
 PSYoungGen      total 181248K, used 96K [0x00000000d6b80000, 0x00000000f0a80000, 0x0000000100000000)
  eden space 180736K, 0% used [0x00000000d6b80000,0x00000000d6b80000,0x00000000e1c00000)
  from space 512K, 18% used [0x00000000f0a00000,0x00000000f0a18000,0x00000000f0a80000)
  to   space 1024K, 0% used [0x00000000f0880000,0x00000000f0880000,0x00000000f0980000)
 ParOldGen       total 84992K, used 2611K [0x0000000084200000, 0x0000000089500000, 0x00000000d6b80000)
  object space 84992K, 3% used [0x0000000084200000,0x000000008448cce8,0x0000000089500000)
 Metaspace       used 9885K, capacity 10117K, committed 10240K, reserved 1058816K
  class space    used 811K, capacity 914K, committed 1024K, reserved 1048576K
}
Event: 10.821 GC heap before
{Heap before GC invocations=49 (full 0):
 PSYoungGen      total 181248K, used 180832K [0x00000000d6b80000, 0x00000000f0a80000, 0x0000000100000000)
  eden space 180736K, 100% used [0x00000000d6b80000,0x00000000e1c00000,0x00000000e1c00000)
  from space 512K, 18% used [0x00000000f0a00000,0x00000000f0a18000,0x00000000f0a80000)
  to   space 1024K, 0% used [0x00000000f0880000,0x00000000f0880000,0x00000000f0980000)
 ParOldGen       total 84992K, used 2611K [0x0000000084200000, 0x0000000089500000, 0x00000000d6b80000)
  object space 84992K, 3% used [0x0000000084200000,0x000000008448cce8,0x0000000089500000)
 Metaspace       used 9885K, capacity 10117K, committed 10240K, reserved 1058816K
  class space    used 811K, capacity 914K, committed 1024K, reserved 1048576K
Event: 10.822 GC heap after
Heap after GC invocations=49 (full 0):
 PSYoungGen      total 220160K, used 128K [0x00000000d6b80000, 0x00000000f0a80000, 0x0000000100000000)
  eden space 219136K, 0% used [0x00000000d6b80000,0x00000000d6b80000,0x00000000e4180000)
  from space 1024K, 12% used [0x00000000f0880000,0x00000000f08a0000,0x00000000f0980000)
  to   space 1024K, 0% used [0x00000000f0980000,0x00000000f0980000,0x00000000f0a80000)
 ParOldGen       total 84992K, used 2611K [0x0000000084200000, 0x0000000089500000, 0x00000000d6b80000)
  object space 84992K, 3% used [0x0000000084200000,0x000000008448cce8,0x0000000089500000)
 Metaspace       used 9885K, capacity 10117K, committed 10240K, reserved 1058816K
  class space    used 811K, capacity 914K, committed 1024K, reserved 1048576K
}
Event: 10.919 GC heap before
{Heap before GC invocations=50 (full 0):
 PSYoungGen      total 220160K, used 219264K [0x00000000d6b80000, 0x00000000f0a80000, 0x0000000100000000)
  eden space 219136K, 100% used [0x00000000d6b80000,0x00000000e4180000,0x00000000e4180000)
  from space 1024K, 12% used [0x00000000f0880000,0x00000000f08a0000,0x00000000f0980000)
  to   space 1024K, 0% used [0x00000000f0980000,0x00000000f0980000,0x00000000f0a80000)
 ParOldGen       total 84992K, used 2611K [0x0000000084200000, 0x0000000089500000, 0x00000000d6b80000)
  object space 84992K, 3% used [0x0000000084200000,0x000000008448cce8,0x0000000089500000)
 Metaspace       used 9885K, capacity 10117K, committed 10240K, reserved 1058816K
  class space    used 811K, capacity 914K, committed 1024K, reserved 1048576K
Event: 10.920 GC heap after
Heap after GC invocations=50 (full 0):
 PSYoungGen      total 210432K, used 64K [0x00000000d6b80000, 0x00000000f0a00000, 0x0000000100000000)
  eden space 209920K, 0% used [0x00000000d6b80000,0x00000000d6b80000,0x00000000e3880000)
  from space 512K, 12% used [0x00000000f0980000,0x00000000f0990000,0x00000000f0a00000)
  to   space 512K, 0% used [0x00000000f0900000,0x00000000f0900000,0x00000000f0980000)
 ParOldGen       total 84992K, used 2643K [0x0000000084200000, 0x0000000089500000, 0x00000000d6b80000)
  object space 84992K, 3% used [0x0000000084200000,0x0000000084494ce8,0x0000000089500000)
 Metaspace       used 9885K, capacity 10117K, committed 10240K, reserved 1058816K
  class space    used 811K, capacity 914K, committed 1024K, reserved 1048576K
}
Event: 11.011 GC heap before
{Heap before GC invocations=51 (full 0):
 PSYoungGen      total 210432K, used 209984K [0x00000000d6b80000, 0x00000000f0a00000, 0x0000000100000000)
  eden space 209920K, 100% used [0x00000000d6b80000,0x00000000e3880000,0x00000000e3880000)
  from space 512K, 12% used [0x00000000f0980000,0x00000000f0990000,0x00000000f0a00000)
  to   space 512K, 0% used [0x00000000f0900000,0x00000000f0900000,0x00000000f0980000)
 ParOldGen       total 84992K, used 2643K [0x0000000084200000, 0x0000000089500000, 0x00000000d6b80000)
  object space 84992K, 3% used [0x0000000084200000,0x0000000084494ce8,0x0000000089500000)
 Metaspace       used 9885K, capacity 10117K, committed 10240K, reserved 1058816K
  class space    used 811K, capacity 914K, committed 1024K, reserved 1048576K
Event: 11.012 GC heap after
Heap after GC invocations=51 (full 0):
 PSYoungGen      total 254976K, used 96K [0x00000000d6b80000, 0x00000000f0a00000, 0x0000000100000000)
  eden space 254464K, 0% used [0x00000000d6b80000,0x00000000d6b80000,0x00000000e6400000)
  from space 512K, 18% used [0x00000000f0900000,0x00000000f0918000,0x00000000f0980000)
  to   space 512K, 0% used [0x00000000f0980000,0x00000000f0980000,0x00000000f0a00000)
 ParOldGen       total 84992K, used 2643K [0x0000000084200000, 0x0000000089500000, 0x00000000d6b80000)
  object space 84992K, 3% used [0x0000000084200000,0x0000000084494ce8,0x0000000089500000)
 Metaspace       used 9885K, capacity 10117K, committed 10240K, reserved 1058816K
  class space    used 811K, capacity 914K, committed 1024K, reserved 1048576K
}
Event: 11.128 GC heap before
{Heap before GC invocations=52 (full 0):
 PSYoungGen      total 254976K, used 254560K [0x00000000d6b80000, 0x00000000f0a00000, 0x0000000100000000)
  eden space 254464K, 100% used [0x00000000d6b80000,0x00000000e6400000,0x00000000e6400000)
  from space 512K, 18% used [0x00000000f0900000,0x00000000f0918000,0x00000000f0980000)
  to   space 512K, 0% used [0x00000000f0980000,0x00000000f0980000,0x00000000f0a00000)
 ParOldGen       total 84992K, used 2643K [0x0000000084200000, 0x0000000089500000, 0x00000000d6b80000)
  object space 84992K, 3% used [0x0000000084200000,0x0000000084494ce8,0x0000000089500000)
 Metaspace       used 9885K, capacity 10117K, committed 10240K, reserved 1058816K
  class space    used 811K, capacity 914K, committed 1024K, reserved 1048576K
Event: 11.129 GC heap after
Heap after GC invocations=52 (full 0):
 PSYoungGen      total 243712K, used 128K [0x00000000d6b80000, 0x00000000f0a00000, 0x0000000100000000)
  eden space 243200K, 0% used [0x00000000d6b80000,0x00000000d6b80000,0x00000000e5900000)
  from space 512K, 25% used [0x00000000f0980000,0x00000000f09a0000,0x00000000f0a00000)
  to   space 512K, 0% used [0x00000000f0900000,0x00000000f0900000,0x00000000f0980000)
 ParOldGen       total 84992K, used 2643K [0x0000000084200000, 0x0000000089500000, 0x00000000d6b80000)
  object space 84992K, 3% used [0x0000000084200000,0x0000000084494ce8,0x0000000089500000)
 Metaspace       used 9885K, capacity 10117K, committed 10240K, reserved 1058816K
  class space    used 811K, capacity 914K, committed 1024K, reserved 1048576K
}

